0 info it worked if it ends with ok
1 verbose cli [ '/Users/milad/.meteor/packages/meteor-tool/.1.4.1_1.12j34h6.12c8++os.osx.x86_64+web.browser+web.cordova/mt-os.osx.x86_64/dev_bundle/bin/node',
1 verbose cli   '/Users/milad/.meteor/packages/meteor-tool/.1.4.1_1.12j34h6.12c8++os.osx.x86_64+web.browser+web.cordova/mt-os.osx.x86_64/dev_bundle/bin/npm',
1 verbose cli   'install',
1 verbose cli   'react-big-calender',
1 verbose cli   '--save' ]
2 info using npm@3.10.6
3 info using node@v4.5.0
4 silly loadCurrentTree Starting
5 silly install loadCurrentTree
6 silly install readLocalPackageData
7 silly fetchPackageMetaData react-big-calender
8 silly fetchNamedPackageData react-big-calender
9 silly mapToRegistry name react-big-calender
10 silly mapToRegistry using default registry
11 silly mapToRegistry registry https://registry.npmjs.org/
12 silly mapToRegistry data Result {
12 silly mapToRegistry   raw: 'react-big-calender',
12 silly mapToRegistry   scope: null,
12 silly mapToRegistry   escapedName: 'react-big-calender',
12 silly mapToRegistry   name: 'react-big-calender',
12 silly mapToRegistry   rawSpec: '',
12 silly mapToRegistry   spec: 'latest',
12 silly mapToRegistry   type: 'tag' }
13 silly mapToRegistry uri https://registry.npmjs.org/react-big-calender
14 verbose request uri https://registry.npmjs.org/react-big-calender
15 verbose request no auth needed
16 info attempt registry request try #1 at 1:47:24 PM
17 verbose request id c8c2b9e9498159dc
18 http request GET https://registry.npmjs.org/react-big-calender
19 http 404 https://registry.npmjs.org/react-big-calender
20 verbose headers { date: 'Thu, 17 Oct 2019 11:47:25 GMT',
20 verbose headers   'content-type': 'application/json',
20 verbose headers   'content-length': '21',
20 verbose headers   connection: 'keep-alive',
20 verbose headers   'set-cookie': [ '__cfduid=d6aef3d16925b6b4fbf8d1a9564298f8c1571312845; expires=Fri, 16-Oct-20 11:47:25 GMT; path=/; domain=.npmjs.org; HttpOnly' ],
20 verbose headers   'cf-cache-status': 'MISS',
20 verbose headers   'cache-control': 'max-age=300',
20 verbose headers   'cf-ray': '527209a26f0f8659-ARN',
20 verbose headers   'expect-ct': 'max-age=604800, report-uri="https://report-uri.cloudflare.com/cdn-cgi/beacon/expect-ct"',
20 verbose headers   vary: 'accept-encoding, accept',
20 verbose headers   server: 'cloudflare' }
21 silly get cb [ 404,
21 silly get   { date: 'Thu, 17 Oct 2019 11:47:25 GMT',
21 silly get     'content-type': 'application/json',
21 silly get     'content-length': '21',
21 silly get     connection: 'keep-alive',
21 silly get     'set-cookie': [ '__cfduid=d6aef3d16925b6b4fbf8d1a9564298f8c1571312845; expires=Fri, 16-Oct-20 11:47:25 GMT; path=/; domain=.npmjs.org; HttpOnly' ],
21 silly get     'cf-cache-status': 'MISS',
21 silly get     'cache-control': 'max-age=300',
21 silly get     'cf-ray': '527209a26f0f8659-ARN',
21 silly get     'expect-ct': 'max-age=604800, report-uri="https://report-uri.cloudflare.com/cdn-cgi/beacon/expect-ct"',
21 silly get     vary: 'accept-encoding, accept',
21 silly get     server: 'cloudflare' } ]
22 silly fetchPackageMetaData Error: Not found : react-big-calender
22 silly fetchPackageMetaData     at makeError (/Users/milad/.meteor/packages/meteor-tool/.1.4.1_1.12j34h6.12c8++os.osx.x86_64+web.browser+web.cordova/mt-os.osx.x86_64/dev_bundle/lib/node_modules/npm/node_modules/npm-registry-client/lib/request.js:264:12)
22 silly fetchPackageMetaData     at CachingRegistryClient.<anonymous> (/Users/milad/.meteor/packages/meteor-tool/.1.4.1_1.12j34h6.12c8++os.osx.x86_64+web.browser+web.cordova/mt-os.osx.x86_64/dev_bundle/lib/node_modules/npm/node_modules/npm-registry-client/lib/request.js:252:14)
22 silly fetchPackageMetaData     at Request._callback (/Users/milad/.meteor/packages/meteor-tool/.1.4.1_1.12j34h6.12c8++os.osx.x86_64+web.browser+web.cordova/mt-os.osx.x86_64/dev_bundle/lib/node_modules/npm/node_modules/npm-registry-client/lib/request.js:172:14)
22 silly fetchPackageMetaData     at Request.self.callback (/Users/milad/.meteor/packages/meteor-tool/.1.4.1_1.12j34h6.12c8++os.osx.x86_64+web.browser+web.cordova/mt-os.osx.x86_64/dev_bundle/lib/node_modules/npm/node_modules/request/request.js:200:22)
22 silly fetchPackageMetaData     at emitTwo (events.js:87:13)
22 silly fetchPackageMetaData     at Request.emit (events.js:172:7)
22 silly fetchPackageMetaData     at Request.<anonymous> (/Users/milad/.meteor/packages/meteor-tool/.1.4.1_1.12j34h6.12c8++os.osx.x86_64+web.browser+web.cordova/mt-os.osx.x86_64/dev_bundle/lib/node_modules/npm/node_modules/request/request.js:1067:10)
22 silly fetchPackageMetaData     at emitOne (events.js:82:20)
22 silly fetchPackageMetaData     at Request.emit (events.js:169:7)
22 silly fetchPackageMetaData     at IncomingMessage.<anonymous> (/Users/milad/.meteor/packages/meteor-tool/.1.4.1_1.12j34h6.12c8++os.osx.x86_64+web.browser+web.cordova/mt-os.osx.x86_64/dev_bundle/lib/node_modules/npm/node_modules/request/request.js:988:12)
22 silly fetchPackageMetaData  error for react-big-calender { [Error: Not found : react-big-calender] pkgid: 'react-big-calender', statusCode: 404, code: 'E404' }
23 silly rollbackFailedOptional Starting
24 silly rollbackFailedOptional Finishing
25 silly runTopLevelLifecycles Starting
26 silly runTopLevelLifecycles Finishing
27 silly install printInstalled
28 verbose stack Error: Not found : react-big-calender
28 verbose stack     at makeError (/Users/milad/.meteor/packages/meteor-tool/.1.4.1_1.12j34h6.12c8++os.osx.x86_64+web.browser+web.cordova/mt-os.osx.x86_64/dev_bundle/lib/node_modules/npm/node_modules/npm-registry-client/lib/request.js:264:12)
28 verbose stack     at CachingRegistryClient.<anonymous> (/Users/milad/.meteor/packages/meteor-tool/.1.4.1_1.12j34h6.12c8++os.osx.x86_64+web.browser+web.cordova/mt-os.osx.x86_64/dev_bundle/lib/node_modules/npm/node_modules/npm-registry-client/lib/request.js:252:14)
28 verbose stack     at Request._callback (/Users/milad/.meteor/packages/meteor-tool/.1.4.1_1.12j34h6.12c8++os.osx.x86_64+web.browser+web.cordova/mt-os.osx.x86_64/dev_bundle/lib/node_modules/npm/node_modules/npm-registry-client/lib/request.js:172:14)
28 verbose stack     at Request.self.callback (/Users/milad/.meteor/packages/meteor-tool/.1.4.1_1.12j34h6.12c8++os.osx.x86_64+web.browser+web.cordova/mt-os.osx.x86_64/dev_bundle/lib/node_modules/npm/node_modules/request/request.js:200:22)
28 verbose stack     at emitTwo (events.js:87:13)
28 verbose stack     at Request.emit (events.js:172:7)
28 verbose stack     at Request.<anonymous> (/Users/milad/.meteor/packages/meteor-tool/.1.4.1_1.12j34h6.12c8++os.osx.x86_64+web.browser+web.cordova/mt-os.osx.x86_64/dev_bundle/lib/node_modules/npm/node_modules/request/request.js:1067:10)
28 verbose stack     at emitOne (events.js:82:20)
28 verbose stack     at Request.emit (events.js:169:7)
28 verbose stack     at IncomingMessage.<anonymous> (/Users/milad/.meteor/packages/meteor-tool/.1.4.1_1.12j34h6.12c8++os.osx.x86_64+web.browser+web.cordova/mt-os.osx.x86_64/dev_bundle/lib/node_modules/npm/node_modules/request/request.js:988:12)
29 verbose statusCode 404
30 verbose pkgid react-big-calender
31 verbose cwd /Users/milad/Documents/Sites/Meteor & React
32 error Darwin 18.7.0
33 error argv "/Users/milad/.meteor/packages/meteor-tool/.1.4.1_1.12j34h6.12c8++os.osx.x86_64+web.browser+web.cordova/mt-os.osx.x86_64/dev_bundle/bin/node" "/Users/milad/.meteor/packages/meteor-tool/.1.4.1_1.12j34h6.12c8++os.osx.x86_64+web.browser+web.cordova/mt-os.osx.x86_64/dev_bundle/bin/npm" "install" "react-big-calender" "--save"
34 error node v4.5.0
35 error npm  v3.10.6
36 error code E404
37 error 404 Not found : react-big-calender
38 error 404
39 error 404 'react-big-calender' is not in the npm registry.
40 error 404 You should bug the author to publish it (or use the name yourself!)
41 error 404 Note that you can also install from a
42 error 404 tarball, folder, http url, or git url.
43 verbose exit [ 1, true ]
